c:\users\chinn\onedrive\documents\github\towerdefense-oop_project\test\test\x64\debug\vc143.pdb
c:\users\chinn\onedrive\documents\github\towerdefense-oop_project\test\test\x64\debug\vc143.idb
c:\users\chinn\onedrive\documents\github\towerdefense-oop_project\test\test\x64\debug\main.obj
c:\users\chinn\onedrive\documents\github\towerdefense-oop_project\test\test\x64\debug\ctower.obj
c:\users\chinn\onedrive\documents\github\towerdefense-oop_project\test\test\x64\debug\cpoint.obj
c:\users\chinn\onedrive\documents\github\towerdefense-oop_project\test\test\x64\debug\cmap.obj
c:\users\chinn\onedrive\documents\github\towerdefense-oop_project\test\test\x64\debug\clevel.obj
c:\users\chinn\onedrive\documents\github\towerdefense-oop_project\test\test\x64\debug\cgame.obj
c:\users\chinn\onedrive\documents\github\towerdefense-oop_project\test\test\x64\debug\cenemy.obj
c:\users\chinn\onedrive\documents\github\towerdefense-oop_project\test\test\x64\debug\cbullet.obj
c:\users\chinn\onedrive\documents\github\towerdefense-oop_project\test\x64\debug\demo.exe
c:\users\chinn\onedrive\documents\github\towerdefense-oop_project\test\x64\debug\demo.pdb
c:\users\chinn\onedrive\documents\github\towerdefense-oop_project\test\test\x64\debug\demo.ilk
c:\users\chinn\onedrive\documents\github\towerdefense-oop_project\test\test\x64\debug\demo.tlog\cl.command.1.tlog
c:\users\chinn\onedrive\documents\github\towerdefense-oop_project\test\test\x64\debug\demo.tlog\cl.items.tlog
c:\users\chinn\onedrive\documents\github\towerdefense-oop_project\test\test\x64\debug\demo.tlog\cl.read.1.tlog
c:\users\chinn\onedrive\documents\github\towerdefense-oop_project\test\test\x64\debug\demo.tlog\cl.write.1.tlog
c:\users\chinn\onedrive\documents\github\towerdefense-oop_project\test\test\x64\debug\demo.tlog\link.command.1.tlog
c:\users\chinn\onedrive\documents\github\towerdefense-oop_project\test\test\x64\debug\demo.tlog\link.read.1.tlog
c:\users\chinn\onedrive\documents\github\towerdefense-oop_project\test\test\x64\debug\demo.tlog\link.secondary.1.tlog
c:\users\chinn\onedrive\documents\github\towerdefense-oop_project\test\test\x64\debug\demo.tlog\link.write.1.tlog
